<?xml version="1.0" encoding="UTF-8"?>
<!-- Generated by org.testng.reporters.JUnitXMLReporter -->
<testsuite hostname="iqbal" ignored="1" name="Default test" tests="1" failures="0" timestamp="29 Mar 2017 03:50:47 GMT" time="1.783" errors="0">
  <testcase name="verifyGetAllLaptopBag" time="1.741" classname="com.iqbal.testScripts.TC_001"/>
  <testcase name="verifyGetMessage" time="0.0" classname="com.iqbal.testScripts.TC_001">
    <ignored/>
  </testcase> <!-- verifyGetMessage -->
</testsuite> <!-- Default test -->
